build/outputs/logs/manifest-merger-debug-report.txt
-- Merging decision tree log ---
manifest
ADDED from src/main/AndroidManifest.xml:2:1-24:12
	package
		ADDED from src/main/AndroidManifest.xml:3:11-46
		INJECTED from src/main/AndroidManifest.xml
		INJECTED from src/main/AndroidManifest.xml
	android:versionName
		INJECTED from src/main/AndroidManifest.xml
		INJECTED from src/main/AndroidManifest.xml
	xmlns:android
		ADDED from src/main/AndroidManifest.xml:2:11-69
	android:versionCode
		INJECTED from src/main/AndroidManifest.xml
		INJECTED from src/main/AndroidManifest.xml
uses-permission#android.permission.CHANGE_WIFI_STATE
ADDED from src/main/AndroidManifest.xml:5:5-76
MERGED from [com.segway.robot:robot-connectivity-sdk:0.5.9] AndroidManifest.xml:14:5-76
MERGED from [com.segway.robot:mobile-connectivity-sdk:0.5.9] AndroidManifest.xml:14:5-76
	android:name
		ADDED from src/main/AndroidManifest.xml:5:22-73
application
ADDED from src/main/AndroidManifest.xml:6:5-22:19
	android:label
		ADDED from src/main/AndroidManifest.xml:9:9-41
	android:supportsRtl
		ADDED from src/main/AndroidManifest.xml:10:9-35
	android:allowBackup
		ADDED from src/main/AndroidManifest.xml:7:9-35
	android:icon
		ADDED from src/main/AndroidManifest.xml:8:9-43
activity#com.segway.robot.lococonn.MainActivity
ADDED from src/main/AndroidManifest.xml:11:9-18:20
	android:screenOrientation
		ADDED from src/main/AndroidManifest.xml:12:13-50
	android:name
		ADDED from src/main/AndroidManifest.xml:11:19-47
intent-filter#android.intent.action.MAIN+android.intent.category.LAUNCHER
ADDED from src/main/AndroidManifest.xml:13:13-17:29
action#android.intent.action.MAIN
ADDED from src/main/AndroidManifest.xml:14:17-68
	android:name
		ADDED from src/main/AndroidManifest.xml:14:25-66
category#android.intent.category.LAUNCHER
ADDED from src/main/AndroidManifest.xml:16:17-76
	android:name
		ADDED from src/main/AndroidManifest.xml:16:27-74
activity#com.segway.robot.lococonn.HeadActivity
ADDED from src/main/AndroidManifest.xml:19:9-21:20
	android:screenOrientation
		ADDED from src/main/AndroidManifest.xml:20:19-56
	android:name
		ADDED from src/main/AndroidManifest.xml:19:19-47
uses-sdk
INJECTED from src/main/AndroidManifest.xml reason: use-sdk injection requested
MERGED from [com.segway.robot:headsdk:0.5.27] AndroidManifest.xml:7:5-9:41
MERGED from [com.segway.robot:basesdk:0.5.27] AndroidManifest.xml:7:5-9:41
MERGED from [com.segway.robot:robot-connectivity-sdk:0.5.9] AndroidManifest.xml:7:5-9:41
MERGED from [com.segway.robot:mobile-connectivity-sdk:0.5.9] AndroidManifest.xml:7:5-9:41
MERGED from [com.segway.robot:base-connectivity-sdk:1.0] AndroidManifest.xml:7:5-9:41
MERGED from [com.segway.robot:sdkbase:0.1.24] AndroidManifest.xml:7:5-9:41
	android:targetSdkVersion
		INJECTED from src/main/AndroidManifest.xml
		INJECTED from src/main/AndroidManifest.xml
	android:minSdkVersion
		INJECTED from src/main/AndroidManifest.xml
		INJECTED from src/main/AndroidManifest.xml
uses-permission#android.permission.INTERNET
ADDED from [com.segway.robot:robot-connectivity-sdk:0.5.9] AndroidManifest.xml:11:5-67
MERGED from [com.segway.robot:mobile-connectivity-sdk:0.5.9] AndroidManifest.xml:11:5-67
	android:name
		ADDED from [com.segway.robot:robot-connectivity-sdk:0.5.9] AndroidManifest.xml:11:22-64
uses-permission#android.permission.ACCESS_NETWORK_STATE
ADDED from [com.segway.robot:robot-connectivity-sdk:0.5.9] AndroidManifest.xml:12:5-79
MERGED from [com.segway.robot:mobile-connectivity-sdk:0.5.9] AndroidManifest.xml:12:5-79
	android:name
		ADDED from [com.segway.robot:robot-connectivity-sdk:0.5.9] AndroidManifest.xml:12:22-76
uses-permission#android.permission.ACCESS_WIFI_STATE
ADDED from [com.segway.robot:robot-connectivity-sdk:0.5.9] AndroidManifest.xml:13:5-76
MERGED from [com.segway.robot:mobile-connectivity-sdk:0.5.9] AndroidManifest.xml:13:5-76
	android:name
		ADDED from [com.segway.robot:robot-connectivity-sdk:0.5.9] AndroidManifest.xml:13:22-73
uses-permission#android.permission.READ_EXTERNAL_STORAGE
ADDED from [com.segway.robot:base-connectivity-sdk:1.0] AndroidManifest.xml:11:5-80
	android:name
		ADDED from [com.segway.robot:base-connectivity-sdk:1.0] AndroidManifest.xml:11:22-77
uses-permission#android.permission.WRITE_EXTERNAL_STORAGE
ADDED from [com.segway.robot:base-connectivity-sdk:1.0] AndroidManifest.xml:12:5-81
MERGED from [com.segway.robot:sdkbase:0.1.24] AndroidManifest.xml:11:5-81
	android:name
		ADDED from [com.segway.robot:base-connectivity-sdk:1.0] AndroidManifest.xml:12:22-78